ARM GAS  C:\Users\AECorp\AppData\Local\Temp\ccYvjc2y.s 			page 1


   1              		.cpu cortex-m3
   2              		.arch armv7-m
   3              		.fpu softvfp
   4              		.eabi_attribute 20, 1
   5              		.eabi_attribute 21, 1
   6              		.eabi_attribute 23, 3
   7              		.eabi_attribute 24, 1
   8              		.eabi_attribute 25, 1
   9              		.eabi_attribute 26, 1
  10              		.eabi_attribute 30, 1
  11              		.eabi_attribute 34, 1
  12              		.eabi_attribute 18, 4
  13              		.file	"main.c"
  14              		.text
  15              	.Ltext0:
  16              		.cfi_sections	.debug_frame
  17              		.file 1 "Src/main.c"
  18              		.section	.text.MX_GPIO_Init,"ax",%progbits
  19              		.align	1
  20              		.syntax unified
  21              		.thumb
  22              		.thumb_func
  24              	MX_GPIO_Init:
  25              	.LFB68:
   1:Src/main.c    **** /* USER CODE BEGIN Header */
   2:Src/main.c    **** /**
   3:Src/main.c    ****   ******************************************************************************
   4:Src/main.c    ****   * @file           : main.c
   5:Src/main.c    ****   * @brief          : Main program body
   6:Src/main.c    ****   ******************************************************************************
   7:Src/main.c    ****   * @attention
   8:Src/main.c    ****   *
   9:Src/main.c    ****   * Copyright (c) 2023 STMicroelectronics.
  10:Src/main.c    ****   * All rights reserved.
  11:Src/main.c    ****   *
  12:Src/main.c    ****   * This software is licensed under terms that can be found in the LICENSE file
  13:Src/main.c    ****   * in the root directory of this software component.
  14:Src/main.c    ****   * If no LICENSE file comes with this software, it is provided AS-IS.
  15:Src/main.c    ****   *
  16:Src/main.c    ****   ******************************************************************************
  17:Src/main.c    ****   */
  18:Src/main.c    **** /* USER CODE END Header */
  19:Src/main.c    **** /* Includes ------------------------------------------------------------------*/
  20:Src/main.c    **** #include "main.h"
  21:Src/main.c    **** 
  22:Src/main.c    **** /* Private includes ----------------------------------------------------------*/
  23:Src/main.c    **** /* USER CODE BEGIN Includes */
  24:Src/main.c    **** #include "string.h"
  25:Src/main.c    **** /* USER CODE END Includes */
  26:Src/main.c    **** 
  27:Src/main.c    **** /* Private typedef -----------------------------------------------------------*/
  28:Src/main.c    **** /* USER CODE BEGIN PTD */
  29:Src/main.c    **** 
  30:Src/main.c    **** /* USER CODE END PTD */
  31:Src/main.c    **** 
  32:Src/main.c    **** /* Private define ------------------------------------------------------------*/
  33:Src/main.c    **** /* USER CODE BEGIN PD */
ARM GAS  C:\Users\AECorp\AppData\Local\Temp\ccYvjc2y.s 			page 2


  34:Src/main.c    **** /* USER CODE END PD */
  35:Src/main.c    **** 
  36:Src/main.c    **** /* Private macro -------------------------------------------------------------*/
  37:Src/main.c    **** /* USER CODE BEGIN PM */
  38:Src/main.c    **** 
  39:Src/main.c    **** /* USER CODE END PM */
  40:Src/main.c    **** 
  41:Src/main.c    **** /* Private variables ---------------------------------------------------------*/
  42:Src/main.c    **** UART_HandleTypeDef huart1;
  43:Src/main.c    **** 
  44:Src/main.c    **** /* USER CODE BEGIN PV */
  45:Src/main.c    **** 
  46:Src/main.c    **** /* USER CODE END PV */
  47:Src/main.c    **** 
  48:Src/main.c    **** /* Private function prototypes -----------------------------------------------*/
  49:Src/main.c    **** void SystemClock_Config(void);
  50:Src/main.c    **** static void MX_GPIO_Init(void);
  51:Src/main.c    **** static void MX_USART1_UART_Init(void);
  52:Src/main.c    **** /* USER CODE BEGIN PFP */
  53:Src/main.c    **** 
  54:Src/main.c    **** /* USER CODE END PFP */
  55:Src/main.c    **** 
  56:Src/main.c    **** /* Private user code ---------------------------------------------------------*/
  57:Src/main.c    **** /* USER CODE BEGIN 0 */
  58:Src/main.c    **** 
  59:Src/main.c    **** /* USER CODE END 0 */
  60:Src/main.c    **** 
  61:Src/main.c    **** /**
  62:Src/main.c    ****   * @brief  The application entry point.
  63:Src/main.c    ****   * @retval int
  64:Src/main.c    ****   */
  65:Src/main.c    **** int main(void)
  66:Src/main.c    **** {
  67:Src/main.c    ****   /* USER CODE BEGIN 1 */
  68:Src/main.c    **** // uint8_t count = 0;
  69:Src/main.c    **** char message [] = {"Hello, I am STM32F103 microchip /r/n"};
  70:Src/main.c    ****   /* USER CODE END 1 */
  71:Src/main.c    **** 
  72:Src/main.c    ****   /* MCU Configuration--------------------------------------------------------*/
  73:Src/main.c    **** 
  74:Src/main.c    ****   /* Reset of all peripherals, Initializes the Flash interface and the Systick. */
  75:Src/main.c    ****   HAL_Init();
  76:Src/main.c    **** 
  77:Src/main.c    ****   /* USER CODE BEGIN Init */
  78:Src/main.c    **** 
  79:Src/main.c    ****   /* USER CODE END Init */
  80:Src/main.c    **** 
  81:Src/main.c    ****   /* Configure the system clock */
  82:Src/main.c    ****   SystemClock_Config();
  83:Src/main.c    **** 
  84:Src/main.c    ****   /* USER CODE BEGIN SysInit */
  85:Src/main.c    **** 
  86:Src/main.c    ****   /* USER CODE END SysInit */
  87:Src/main.c    **** 
  88:Src/main.c    ****   /* Initialize all configured peripherals */
  89:Src/main.c    ****   MX_GPIO_Init();
  90:Src/main.c    ****   MX_USART1_UART_Init();
ARM GAS  C:\Users\AECorp\AppData\Local\Temp\ccYvjc2y.s 			page 3


  91:Src/main.c    ****   /* USER CODE BEGIN 2 */
  92:Src/main.c    **** 
  93:Src/main.c    ****   /* USER CODE END 2 */
  94:Src/main.c    **** 
  95:Src/main.c    ****   /* Infinite loop */
  96:Src/main.c    ****   /* USER CODE BEGIN WHILE */
  97:Src/main.c    ****   while (1)
  98:Src/main.c    ****   {
  99:Src/main.c    ****     /* USER CODE END WHILE */
 100:Src/main.c    **** 
 101:Src/main.c    ****     /* USER CODE BEGIN 3 */
 102:Src/main.c    ****     if (HAL_GPIO_ReadPin(GPIOB,GPIO_PIN_5) == 0)
 103:Src/main.c    ****     {
 104:Src/main.c    ****       HAL_Delay(10);
 105:Src/main.c    ****       HAL_GPIO_TogglePin(GPIOC,GPIO_PIN_13);
 106:Src/main.c    ****       HAL_UART_Transmit(&huart1,(uint8_t*)message,strlen(message),100);
 107:Src/main.c    ****     }
 108:Src/main.c    ****     
 109:Src/main.c    **** 	//   HAL_GPIO_TogglePin(GPIOC,GPIO_PIN_13);
 110:Src/main.c    ****   // HAL_Delay(2000);
 111:Src/main.c    ****   }
 112:Src/main.c    ****   /* USER CODE END 3 */
 113:Src/main.c    **** }
 114:Src/main.c    **** 
 115:Src/main.c    **** /**
 116:Src/main.c    ****   * @brief System Clock Configuration
 117:Src/main.c    ****   * @retval None
 118:Src/main.c    ****   */
 119:Src/main.c    **** void SystemClock_Config(void)
 120:Src/main.c    **** {
 121:Src/main.c    ****   RCC_OscInitTypeDef RCC_OscInitStruct = {0};
 122:Src/main.c    ****   RCC_ClkInitTypeDef RCC_ClkInitStruct = {0};
 123:Src/main.c    **** 
 124:Src/main.c    ****   /** Initializes the RCC Oscillators according to the specified parameters
 125:Src/main.c    ****   * in the RCC_OscInitTypeDef structure.
 126:Src/main.c    ****   */
 127:Src/main.c    ****   RCC_OscInitStruct.OscillatorType = RCC_OSCILLATORTYPE_HSE;
 128:Src/main.c    ****   RCC_OscInitStruct.HSEState = RCC_HSE_ON;
 129:Src/main.c    ****   RCC_OscInitStruct.HSEPredivValue = RCC_HSE_PREDIV_DIV1;
 130:Src/main.c    ****   RCC_OscInitStruct.HSIState = RCC_HSI_ON;
 131:Src/main.c    ****   RCC_OscInitStruct.PLL.PLLState = RCC_PLL_ON;
 132:Src/main.c    ****   RCC_OscInitStruct.PLL.PLLSource = RCC_PLLSOURCE_HSE;
 133:Src/main.c    ****   RCC_OscInitStruct.PLL.PLLMUL = RCC_PLL_MUL9;
 134:Src/main.c    ****   if (HAL_RCC_OscConfig(&RCC_OscInitStruct) != HAL_OK)
 135:Src/main.c    ****   {
 136:Src/main.c    ****     Error_Handler();
 137:Src/main.c    ****   }
 138:Src/main.c    **** 
 139:Src/main.c    ****   /** Initializes the CPU, AHB and APB buses clocks
 140:Src/main.c    ****   */
 141:Src/main.c    ****   RCC_ClkInitStruct.ClockType = RCC_CLOCKTYPE_HCLK|RCC_CLOCKTYPE_SYSCLK
 142:Src/main.c    ****                               |RCC_CLOCKTYPE_PCLK1|RCC_CLOCKTYPE_PCLK2;
 143:Src/main.c    ****   RCC_ClkInitStruct.SYSCLKSource = RCC_SYSCLKSOURCE_PLLCLK;
 144:Src/main.c    ****   RCC_ClkInitStruct.AHBCLKDivider = RCC_SYSCLK_DIV1;
 145:Src/main.c    ****   RCC_ClkInitStruct.APB1CLKDivider = RCC_HCLK_DIV2;
 146:Src/main.c    ****   RCC_ClkInitStruct.APB2CLKDivider = RCC_HCLK_DIV1;
 147:Src/main.c    **** 
ARM GAS  C:\Users\AECorp\AppData\Local\Temp\ccYvjc2y.s 			page 4


 148:Src/main.c    ****   if (HAL_RCC_ClockConfig(&RCC_ClkInitStruct, FLASH_LATENCY_2) != HAL_OK)
 149:Src/main.c    ****   {
 150:Src/main.c    ****     Error_Handler();
 151:Src/main.c    ****   }
 152:Src/main.c    **** }
 153:Src/main.c    **** 
 154:Src/main.c    **** /**
 155:Src/main.c    ****   * @brief USART1 Initialization Function
 156:Src/main.c    ****   * @param None
 157:Src/main.c    ****   * @retval None
 158:Src/main.c    ****   */
 159:Src/main.c    **** static void MX_USART1_UART_Init(void)
 160:Src/main.c    **** {
 161:Src/main.c    **** 
 162:Src/main.c    ****   /* USER CODE BEGIN USART1_Init 0 */
 163:Src/main.c    **** 
 164:Src/main.c    ****   /* USER CODE END USART1_Init 0 */
 165:Src/main.c    **** 
 166:Src/main.c    ****   /* USER CODE BEGIN USART1_Init 1 */
 167:Src/main.c    **** 
 168:Src/main.c    ****   /* USER CODE END USART1_Init 1 */
 169:Src/main.c    ****   huart1.Instance = USART1;
 170:Src/main.c    ****   huart1.Init.BaudRate = 115200;
 171:Src/main.c    ****   huart1.Init.WordLength = UART_WORDLENGTH_8B;
 172:Src/main.c    ****   huart1.Init.StopBits = UART_STOPBITS_1;
 173:Src/main.c    ****   huart1.Init.Parity = UART_PARITY_NONE;
 174:Src/main.c    ****   huart1.Init.Mode = UART_MODE_TX_RX;
 175:Src/main.c    ****   huart1.Init.HwFlowCtl = UART_HWCONTROL_NONE;
 176:Src/main.c    ****   huart1.Init.OverSampling = UART_OVERSAMPLING_16;
 177:Src/main.c    ****   if (HAL_UART_Init(&huart1) != HAL_OK)
 178:Src/main.c    ****   {
 179:Src/main.c    ****     Error_Handler();
 180:Src/main.c    ****   }
 181:Src/main.c    ****   /* USER CODE BEGIN USART1_Init 2 */
 182:Src/main.c    **** 
 183:Src/main.c    ****   /* USER CODE END USART1_Init 2 */
 184:Src/main.c    **** 
 185:Src/main.c    **** }
 186:Src/main.c    **** 
 187:Src/main.c    **** /**
 188:Src/main.c    ****   * @brief GPIO Initialization Function
 189:Src/main.c    ****   * @param None
 190:Src/main.c    ****   * @retval None
 191:Src/main.c    ****   */
 192:Src/main.c    **** static void MX_GPIO_Init(void)
 193:Src/main.c    **** {
  26              		.loc 1 193 1 view -0
  27              		.cfi_startproc
  28              		@ args = 0, pretend = 0, frame = 32
  29              		@ frame_needed = 0, uses_anonymous_args = 0
  30 0000 70B5     		push	{r4, r5, r6, lr}
  31              	.LCFI0:
  32              		.cfi_def_cfa_offset 16
  33              		.cfi_offset 4, -16
  34              		.cfi_offset 5, -12
  35              		.cfi_offset 6, -8
  36              		.cfi_offset 14, -4
ARM GAS  C:\Users\AECorp\AppData\Local\Temp\ccYvjc2y.s 			page 5


  37 0002 88B0     		sub	sp, sp, #32
  38              	.LCFI1:
  39              		.cfi_def_cfa_offset 48
 194:Src/main.c    ****   GPIO_InitTypeDef GPIO_InitStruct = {0};
  40              		.loc 1 194 3 view .LVU1
  41              		.loc 1 194 20 is_stmt 0 view .LVU2
  42 0004 0024     		movs	r4, #0
  43 0006 0494     		str	r4, [sp, #16]
  44 0008 0594     		str	r4, [sp, #20]
  45 000a 0694     		str	r4, [sp, #24]
  46 000c 0794     		str	r4, [sp, #28]
 195:Src/main.c    **** 
 196:Src/main.c    ****   /* GPIO Ports Clock Enable */
 197:Src/main.c    ****   __HAL_RCC_GPIOC_CLK_ENABLE();
  47              		.loc 1 197 3 is_stmt 1 view .LVU3
  48              	.LBB4:
  49              		.loc 1 197 3 view .LVU4
  50              		.loc 1 197 3 view .LVU5
  51 000e 214B     		ldr	r3, .L3
  52 0010 9A69     		ldr	r2, [r3, #24]
  53 0012 42F01002 		orr	r2, r2, #16
  54 0016 9A61     		str	r2, [r3, #24]
  55              		.loc 1 197 3 view .LVU6
  56 0018 9A69     		ldr	r2, [r3, #24]
  57 001a 02F01002 		and	r2, r2, #16
  58 001e 0092     		str	r2, [sp]
  59              		.loc 1 197 3 view .LVU7
  60 0020 009A     		ldr	r2, [sp]
  61              	.LBE4:
  62              		.loc 1 197 3 view .LVU8
 198:Src/main.c    ****   __HAL_RCC_GPIOD_CLK_ENABLE();
  63              		.loc 1 198 3 view .LVU9
  64              	.LBB5:
  65              		.loc 1 198 3 view .LVU10
  66              		.loc 1 198 3 view .LVU11
  67 0022 9A69     		ldr	r2, [r3, #24]
  68 0024 42F02002 		orr	r2, r2, #32
  69 0028 9A61     		str	r2, [r3, #24]
  70              		.loc 1 198 3 view .LVU12
  71 002a 9A69     		ldr	r2, [r3, #24]
  72 002c 02F02002 		and	r2, r2, #32
  73 0030 0192     		str	r2, [sp, #4]
  74              		.loc 1 198 3 view .LVU13
  75 0032 019A     		ldr	r2, [sp, #4]
  76              	.LBE5:
  77              		.loc 1 198 3 view .LVU14
 199:Src/main.c    ****   __HAL_RCC_GPIOA_CLK_ENABLE();
  78              		.loc 1 199 3 view .LVU15
  79              	.LBB6:
  80              		.loc 1 199 3 view .LVU16
  81              		.loc 1 199 3 view .LVU17
  82 0034 9A69     		ldr	r2, [r3, #24]
  83 0036 42F00402 		orr	r2, r2, #4
  84 003a 9A61     		str	r2, [r3, #24]
  85              		.loc 1 199 3 view .LVU18
  86 003c 9A69     		ldr	r2, [r3, #24]
  87 003e 02F00402 		and	r2, r2, #4
ARM GAS  C:\Users\AECorp\AppData\Local\Temp\ccYvjc2y.s 			page 6


  88 0042 0292     		str	r2, [sp, #8]
  89              		.loc 1 199 3 view .LVU19
  90 0044 029A     		ldr	r2, [sp, #8]
  91              	.LBE6:
  92              		.loc 1 199 3 view .LVU20
 200:Src/main.c    ****   __HAL_RCC_GPIOB_CLK_ENABLE();
  93              		.loc 1 200 3 view .LVU21
  94              	.LBB7:
  95              		.loc 1 200 3 view .LVU22
  96              		.loc 1 200 3 view .LVU23
  97 0046 9A69     		ldr	r2, [r3, #24]
  98 0048 42F00802 		orr	r2, r2, #8
  99 004c 9A61     		str	r2, [r3, #24]
 100              		.loc 1 200 3 view .LVU24
 101 004e 9B69     		ldr	r3, [r3, #24]
 102 0050 03F00803 		and	r3, r3, #8
 103 0054 0393     		str	r3, [sp, #12]
 104              		.loc 1 200 3 view .LVU25
 105 0056 039B     		ldr	r3, [sp, #12]
 106              	.LBE7:
 107              		.loc 1 200 3 view .LVU26
 201:Src/main.c    **** 
 202:Src/main.c    ****   /*Configure GPIO pin Output Level */
 203:Src/main.c    ****   HAL_GPIO_WritePin(GPIOC, GPIO_PIN_13, GPIO_PIN_RESET);
 108              		.loc 1 203 3 view .LVU27
 109 0058 0F4E     		ldr	r6, .L3+4
 110 005a 2246     		mov	r2, r4
 111 005c 4FF40051 		mov	r1, #8192
 112 0060 3046     		mov	r0, r6
 113 0062 FFF7FEFF 		bl	HAL_GPIO_WritePin
 114              	.LVL0:
 204:Src/main.c    **** 
 205:Src/main.c    ****   /*Configure GPIO pin : PC13 */
 206:Src/main.c    ****   GPIO_InitStruct.Pin = GPIO_PIN_13;
 115              		.loc 1 206 3 view .LVU28
 116              		.loc 1 206 23 is_stmt 0 view .LVU29
 117 0066 4FF40053 		mov	r3, #8192
 118 006a 0493     		str	r3, [sp, #16]
 207:Src/main.c    ****   GPIO_InitStruct.Mode = GPIO_MODE_OUTPUT_PP;
 119              		.loc 1 207 3 is_stmt 1 view .LVU30
 120              		.loc 1 207 24 is_stmt 0 view .LVU31
 121 006c 0125     		movs	r5, #1
 122 006e 0595     		str	r5, [sp, #20]
 208:Src/main.c    ****   GPIO_InitStruct.Pull = GPIO_NOPULL;
 123              		.loc 1 208 3 is_stmt 1 view .LVU32
 124              		.loc 1 208 24 is_stmt 0 view .LVU33
 125 0070 0694     		str	r4, [sp, #24]
 209:Src/main.c    ****   GPIO_InitStruct.Speed = GPIO_SPEED_FREQ_LOW;
 126              		.loc 1 209 3 is_stmt 1 view .LVU34
 127              		.loc 1 209 25 is_stmt 0 view .LVU35
 128 0072 0223     		movs	r3, #2
 129 0074 0793     		str	r3, [sp, #28]
 210:Src/main.c    ****   HAL_GPIO_Init(GPIOC, &GPIO_InitStruct);
 130              		.loc 1 210 3 is_stmt 1 view .LVU36
 131 0076 04A9     		add	r1, sp, #16
 132 0078 3046     		mov	r0, r6
 133 007a FFF7FEFF 		bl	HAL_GPIO_Init
ARM GAS  C:\Users\AECorp\AppData\Local\Temp\ccYvjc2y.s 			page 7


 134              	.LVL1:
 211:Src/main.c    **** 
 212:Src/main.c    ****   /*Configure GPIO pins : PB3 PB4 PB5 */
 213:Src/main.c    ****   GPIO_InitStruct.Pin = GPIO_PIN_3|GPIO_PIN_4|GPIO_PIN_5;
 135              		.loc 1 213 3 view .LVU37
 136              		.loc 1 213 23 is_stmt 0 view .LVU38
 137 007e 3823     		movs	r3, #56
 138 0080 0493     		str	r3, [sp, #16]
 214:Src/main.c    ****   GPIO_InitStruct.Mode = GPIO_MODE_INPUT;
 139              		.loc 1 214 3 is_stmt 1 view .LVU39
 140              		.loc 1 214 24 is_stmt 0 view .LVU40
 141 0082 0594     		str	r4, [sp, #20]
 215:Src/main.c    ****   GPIO_InitStruct.Pull = GPIO_PULLUP;
 142              		.loc 1 215 3 is_stmt 1 view .LVU41
 143              		.loc 1 215 24 is_stmt 0 view .LVU42
 144 0084 0695     		str	r5, [sp, #24]
 216:Src/main.c    ****   HAL_GPIO_Init(GPIOB, &GPIO_InitStruct);
 145              		.loc 1 216 3 is_stmt 1 view .LVU43
 146 0086 04A9     		add	r1, sp, #16
 147 0088 0448     		ldr	r0, .L3+8
 148 008a FFF7FEFF 		bl	HAL_GPIO_Init
 149              	.LVL2:
 217:Src/main.c    **** 
 218:Src/main.c    **** }
 150              		.loc 1 218 1 is_stmt 0 view .LVU44
 151 008e 08B0     		add	sp, sp, #32
 152              	.LCFI2:
 153              		.cfi_def_cfa_offset 16
 154              		@ sp needed
 155 0090 70BD     		pop	{r4, r5, r6, pc}
 156              	.L4:
 157 0092 00BF     		.align	2
 158              	.L3:
 159 0094 00100240 		.word	1073876992
 160 0098 00100140 		.word	1073811456
 161 009c 000C0140 		.word	1073810432
 162              		.cfi_endproc
 163              	.LFE68:
 165              		.section	.text.Error_Handler,"ax",%progbits
 166              		.align	1
 167              		.global	Error_Handler
 168              		.syntax unified
 169              		.thumb
 170              		.thumb_func
 172              	Error_Handler:
 173              	.LFB69:
 219:Src/main.c    **** 
 220:Src/main.c    **** /* USER CODE BEGIN 4 */
 221:Src/main.c    **** 
 222:Src/main.c    **** /* USER CODE END 4 */
 223:Src/main.c    **** 
 224:Src/main.c    **** /**
 225:Src/main.c    ****   * @brief  This function is executed in case of error occurrence.
 226:Src/main.c    ****   * @retval None
 227:Src/main.c    ****   */
 228:Src/main.c    **** void Error_Handler(void)
 229:Src/main.c    **** {
ARM GAS  C:\Users\AECorp\AppData\Local\Temp\ccYvjc2y.s 			page 8


 174              		.loc 1 229 1 is_stmt 1 view -0
 175              		.cfi_startproc
 176              		@ Volatile: function does not return.
 177              		@ args = 0, pretend = 0, frame = 0
 178              		@ frame_needed = 0, uses_anonymous_args = 0
 179              		@ link register save eliminated.
 230:Src/main.c    ****   /* USER CODE BEGIN Error_Handler_Debug */
 231:Src/main.c    ****   /* User can add his own implementation to report the HAL error return state */
 232:Src/main.c    ****   __disable_irq();
 180              		.loc 1 232 3 view .LVU46
 181              	.LBB8:
 182              	.LBI8:
 183              		.file 2 "Drivers/CMSIS/Include/cmsis_gcc.h"
   1:Drivers/CMSIS/Include/cmsis_gcc.h **** /**************************************************************************//**
   2:Drivers/CMSIS/Include/cmsis_gcc.h ****  * @file     cmsis_gcc.h
   3:Drivers/CMSIS/Include/cmsis_gcc.h ****  * @brief    CMSIS compiler GCC header file
   4:Drivers/CMSIS/Include/cmsis_gcc.h ****  * @version  V5.0.4
   5:Drivers/CMSIS/Include/cmsis_gcc.h ****  * @date     09. April 2018
   6:Drivers/CMSIS/Include/cmsis_gcc.h ****  ******************************************************************************/
   7:Drivers/CMSIS/Include/cmsis_gcc.h **** /*
   8:Drivers/CMSIS/Include/cmsis_gcc.h ****  * Copyright (c) 2009-2018 Arm Limited. All rights reserved.
   9:Drivers/CMSIS/Include/cmsis_gcc.h ****  *
  10:Drivers/CMSIS/Include/cmsis_gcc.h ****  * SPDX-License-Identifier: Apache-2.0
  11:Drivers/CMSIS/Include/cmsis_gcc.h ****  *
  12:Drivers/CMSIS/Include/cmsis_gcc.h ****  * Licensed under the Apache License, Version 2.0 (the License); you may
  13:Drivers/CMSIS/Include/cmsis_gcc.h ****  * not use this file except in compliance with the License.
  14:Drivers/CMSIS/Include/cmsis_gcc.h ****  * You may obtain a copy of the License at
  15:Drivers/CMSIS/Include/cmsis_gcc.h ****  *
  16:Drivers/CMSIS/Include/cmsis_gcc.h ****  * www.apache.org/licenses/LICENSE-2.0
  17:Drivers/CMSIS/Include/cmsis_gcc.h ****  *
  18:Drivers/CMSIS/Include/cmsis_gcc.h ****  * Unless required by applicable law or agreed to in writing, software
  19:Drivers/CMSIS/Include/cmsis_gcc.h ****  * distributed under the License is distributed on an AS IS BASIS, WITHOUT
  20:Drivers/CMSIS/Include/cmsis_gcc.h ****  * WARRANTIES OR CONDITIONS OF ANY KIND, either express or implied.
  21:Drivers/CMSIS/Include/cmsis_gcc.h ****  * See the License for the specific language governing permissions and
  22:Drivers/CMSIS/Include/cmsis_gcc.h ****  * limitations under the License.
  23:Drivers/CMSIS/Include/cmsis_gcc.h ****  */
  24:Drivers/CMSIS/Include/cmsis_gcc.h **** 
  25:Drivers/CMSIS/Include/cmsis_gcc.h **** #ifndef __CMSIS_GCC_H
  26:Drivers/CMSIS/Include/cmsis_gcc.h **** #define __CMSIS_GCC_H
  27:Drivers/CMSIS/Include/cmsis_gcc.h **** 
  28:Drivers/CMSIS/Include/cmsis_gcc.h **** /* ignore some GCC warnings */
  29:Drivers/CMSIS/Include/cmsis_gcc.h **** #pragma GCC diagnostic push
  30:Drivers/CMSIS/Include/cmsis_gcc.h **** #pragma GCC diagnostic ignored "-Wsign-conversion"
  31:Drivers/CMSIS/Include/cmsis_gcc.h **** #pragma GCC diagnostic ignored "-Wconversion"
  32:Drivers/CMSIS/Include/cmsis_gcc.h **** #pragma GCC diagnostic ignored "-Wunused-parameter"
  33:Drivers/CMSIS/Include/cmsis_gcc.h **** 
  34:Drivers/CMSIS/Include/cmsis_gcc.h **** /* Fallback for __has_builtin */
  35:Drivers/CMSIS/Include/cmsis_gcc.h **** #ifndef __has_builtin
  36:Drivers/CMSIS/Include/cmsis_gcc.h ****   #define __has_builtin(x) (0)
  37:Drivers/CMSIS/Include/cmsis_gcc.h **** #endif
  38:Drivers/CMSIS/Include/cmsis_gcc.h **** 
  39:Drivers/CMSIS/Include/cmsis_gcc.h **** /* CMSIS compiler specific defines */
  40:Drivers/CMSIS/Include/cmsis_gcc.h **** #ifndef   __ASM
  41:Drivers/CMSIS/Include/cmsis_gcc.h ****   #define __ASM                                  __asm
  42:Drivers/CMSIS/Include/cmsis_gcc.h **** #endif
  43:Drivers/CMSIS/Include/cmsis_gcc.h **** #ifndef   __INLINE
  44:Drivers/CMSIS/Include/cmsis_gcc.h ****   #define __INLINE                               inline
ARM GAS  C:\Users\AECorp\AppData\Local\Temp\ccYvjc2y.s 			page 9


  45:Drivers/CMSIS/Include/cmsis_gcc.h **** #endif
  46:Drivers/CMSIS/Include/cmsis_gcc.h **** #ifndef   __STATIC_INLINE
  47:Drivers/CMSIS/Include/cmsis_gcc.h ****   #define __STATIC_INLINE                        static inline
  48:Drivers/CMSIS/Include/cmsis_gcc.h **** #endif
  49:Drivers/CMSIS/Include/cmsis_gcc.h **** #ifndef   __STATIC_FORCEINLINE                 
  50:Drivers/CMSIS/Include/cmsis_gcc.h ****   #define __STATIC_FORCEINLINE                   __attribute__((always_inline)) static inline
  51:Drivers/CMSIS/Include/cmsis_gcc.h **** #endif                                           
  52:Drivers/CMSIS/Include/cmsis_gcc.h **** #ifndef   __NO_RETURN
  53:Drivers/CMSIS/Include/cmsis_gcc.h ****   #define __NO_RETURN                            __attribute__((__noreturn__))
  54:Drivers/CMSIS/Include/cmsis_gcc.h **** #endif
  55:Drivers/CMSIS/Include/cmsis_gcc.h **** #ifndef   __USED
  56:Drivers/CMSIS/Include/cmsis_gcc.h ****   #define __USED                                 __attribute__((used))
  57:Drivers/CMSIS/Include/cmsis_gcc.h **** #endif
  58:Drivers/CMSIS/Include/cmsis_gcc.h **** #ifndef   __WEAK
  59:Drivers/CMSIS/Include/cmsis_gcc.h ****   #define __WEAK                                 __attribute__((weak))
  60:Drivers/CMSIS/Include/cmsis_gcc.h **** #endif
  61:Drivers/CMSIS/Include/cmsis_gcc.h **** #ifndef   __PACKED
  62:Drivers/CMSIS/Include/cmsis_gcc.h ****   #define __PACKED                               __attribute__((packed, aligned(1)))
  63:Drivers/CMSIS/Include/cmsis_gcc.h **** #endif
  64:Drivers/CMSIS/Include/cmsis_gcc.h **** #ifndef   __PACKED_STRUCT
  65:Drivers/CMSIS/Include/cmsis_gcc.h ****   #define __PACKED_STRUCT                        struct __attribute__((packed, aligned(1)))
  66:Drivers/CMSIS/Include/cmsis_gcc.h **** #endif
  67:Drivers/CMSIS/Include/cmsis_gcc.h **** #ifndef   __PACKED_UNION
  68:Drivers/CMSIS/Include/cmsis_gcc.h ****   #define __PACKED_UNION                         union __attribute__((packed, aligned(1)))
  69:Drivers/CMSIS/Include/cmsis_gcc.h **** #endif
  70:Drivers/CMSIS/Include/cmsis_gcc.h **** #ifndef   __UNALIGNED_UINT32        /* deprecated */
  71:Drivers/CMSIS/Include/cmsis_gcc.h ****   #pragma GCC diagnostic push
  72:Drivers/CMSIS/Include/cmsis_gcc.h ****   #pragma GCC diagnostic ignored "-Wpacked"
  73:Drivers/CMSIS/Include/cmsis_gcc.h ****   #pragma GCC diagnostic ignored "-Wattributes"
  74:Drivers/CMSIS/Include/cmsis_gcc.h ****   struct __attribute__((packed)) T_UINT32 { uint32_t v; };
  75:Drivers/CMSIS/Include/cmsis_gcc.h ****   #pragma GCC diagnostic pop
  76:Drivers/CMSIS/Include/cmsis_gcc.h ****   #define __UNALIGNED_UINT32(x)                  (((struct T_UINT32 *)(x))->v)
  77:Drivers/CMSIS/Include/cmsis_gcc.h **** #endif
  78:Drivers/CMSIS/Include/cmsis_gcc.h **** #ifndef   __UNALIGNED_UINT16_WRITE
  79:Drivers/CMSIS/Include/cmsis_gcc.h ****   #pragma GCC diagnostic push
  80:Drivers/CMSIS/Include/cmsis_gcc.h ****   #pragma GCC diagnostic ignored "-Wpacked"
  81:Drivers/CMSIS/Include/cmsis_gcc.h ****   #pragma GCC diagnostic ignored "-Wattributes"
  82:Drivers/CMSIS/Include/cmsis_gcc.h ****   __PACKED_STRUCT T_UINT16_WRITE { uint16_t v; };
  83:Drivers/CMSIS/Include/cmsis_gcc.h ****   #pragma GCC diagnostic pop
  84:Drivers/CMSIS/Include/cmsis_gcc.h ****   #define __UNALIGNED_UINT16_WRITE(addr, val)    (void)((((struct T_UINT16_WRITE *)(void *)(addr))-
  85:Drivers/CMSIS/Include/cmsis_gcc.h **** #endif
  86:Drivers/CMSIS/Include/cmsis_gcc.h **** #ifndef   __UNALIGNED_UINT16_READ
  87:Drivers/CMSIS/Include/cmsis_gcc.h ****   #pragma GCC diagnostic push
  88:Drivers/CMSIS/Include/cmsis_gcc.h ****   #pragma GCC diagnostic ignored "-Wpacked"
  89:Drivers/CMSIS/Include/cmsis_gcc.h ****   #pragma GCC diagnostic ignored "-Wattributes"
  90:Drivers/CMSIS/Include/cmsis_gcc.h ****   __PACKED_STRUCT T_UINT16_READ { uint16_t v; };
  91:Drivers/CMSIS/Include/cmsis_gcc.h ****   #pragma GCC diagnostic pop
  92:Drivers/CMSIS/Include/cmsis_gcc.h ****   #define __UNALIGNED_UINT16_READ(addr)          (((const struct T_UINT16_READ *)(const void *)(add
  93:Drivers/CMSIS/Include/cmsis_gcc.h **** #endif
  94:Drivers/CMSIS/Include/cmsis_gcc.h **** #ifndef   __UNALIGNED_UINT32_WRITE
  95:Drivers/CMSIS/Include/cmsis_gcc.h ****   #pragma GCC diagnostic push
  96:Drivers/CMSIS/Include/cmsis_gcc.h ****   #pragma GCC diagnostic ignored "-Wpacked"
  97:Drivers/CMSIS/Include/cmsis_gcc.h ****   #pragma GCC diagnostic ignored "-Wattributes"
  98:Drivers/CMSIS/Include/cmsis_gcc.h ****   __PACKED_STRUCT T_UINT32_WRITE { uint32_t v; };
  99:Drivers/CMSIS/Include/cmsis_gcc.h ****   #pragma GCC diagnostic pop
 100:Drivers/CMSIS/Include/cmsis_gcc.h ****   #define __UNALIGNED_UINT32_WRITE(addr, val)    (void)((((struct T_UINT32_WRITE *)(void *)(addr))-
 101:Drivers/CMSIS/Include/cmsis_gcc.h **** #endif
ARM GAS  C:\Users\AECorp\AppData\Local\Temp\ccYvjc2y.s 			page 10


 102:Drivers/CMSIS/Include/cmsis_gcc.h **** #ifndef   __UNALIGNED_UINT32_READ
 103:Drivers/CMSIS/Include/cmsis_gcc.h ****   #pragma GCC diagnostic push
 104:Drivers/CMSIS/Include/cmsis_gcc.h ****   #pragma GCC diagnostic ignored "-Wpacked"
 105:Drivers/CMSIS/Include/cmsis_gcc.h ****   #pragma GCC diagnostic ignored "-Wattributes"
 106:Drivers/CMSIS/Include/cmsis_gcc.h ****   __PACKED_STRUCT T_UINT32_READ { uint32_t v; };
 107:Drivers/CMSIS/Include/cmsis_gcc.h ****   #pragma GCC diagnostic pop
 108:Drivers/CMSIS/Include/cmsis_gcc.h ****   #define __UNALIGNED_UINT32_READ(addr)          (((const struct T_UINT32_READ *)(const void *)(add
 109:Drivers/CMSIS/Include/cmsis_gcc.h **** #endif
 110:Drivers/CMSIS/Include/cmsis_gcc.h **** #ifndef   __ALIGNED
 111:Drivers/CMSIS/Include/cmsis_gcc.h ****   #define __ALIGNED(x)                           __attribute__((aligned(x)))
 112:Drivers/CMSIS/Include/cmsis_gcc.h **** #endif
 113:Drivers/CMSIS/Include/cmsis_gcc.h **** #ifndef   __RESTRICT
 114:Drivers/CMSIS/Include/cmsis_gcc.h ****   #define __RESTRICT                             __restrict
 115:Drivers/CMSIS/Include/cmsis_gcc.h **** #endif
 116:Drivers/CMSIS/Include/cmsis_gcc.h **** 
 117:Drivers/CMSIS/Include/cmsis_gcc.h **** 
 118:Drivers/CMSIS/Include/cmsis_gcc.h **** /* ###########################  Core Function Access  ########################### */
 119:Drivers/CMSIS/Include/cmsis_gcc.h **** /** \ingroup  CMSIS_Core_FunctionInterface
 120:Drivers/CMSIS/Include/cmsis_gcc.h ****     \defgroup CMSIS_Core_RegAccFunctions CMSIS Core Register Access Functions
 121:Drivers/CMSIS/Include/cmsis_gcc.h ****   @{
 122:Drivers/CMSIS/Include/cmsis_gcc.h ****  */
 123:Drivers/CMSIS/Include/cmsis_gcc.h **** 
 124:Drivers/CMSIS/Include/cmsis_gcc.h **** /**
 125:Drivers/CMSIS/Include/cmsis_gcc.h ****   \brief   Enable IRQ Interrupts
 126:Drivers/CMSIS/Include/cmsis_gcc.h ****   \details Enables IRQ interrupts by clearing the I-bit in the CPSR.
 127:Drivers/CMSIS/Include/cmsis_gcc.h ****            Can only be executed in Privileged modes.
 128:Drivers/CMSIS/Include/cmsis_gcc.h ****  */
 129:Drivers/CMSIS/Include/cmsis_gcc.h **** __STATIC_FORCEINLINE void __enable_irq(void)
 130:Drivers/CMSIS/Include/cmsis_gcc.h **** {
 131:Drivers/CMSIS/Include/cmsis_gcc.h ****   __ASM volatile ("cpsie i" : : : "memory");
 132:Drivers/CMSIS/Include/cmsis_gcc.h **** }
 133:Drivers/CMSIS/Include/cmsis_gcc.h **** 
 134:Drivers/CMSIS/Include/cmsis_gcc.h **** 
 135:Drivers/CMSIS/Include/cmsis_gcc.h **** /**
 136:Drivers/CMSIS/Include/cmsis_gcc.h ****   \brief   Disable IRQ Interrupts
 137:Drivers/CMSIS/Include/cmsis_gcc.h ****   \details Disables IRQ interrupts by setting the I-bit in the CPSR.
 138:Drivers/CMSIS/Include/cmsis_gcc.h ****            Can only be executed in Privileged modes.
 139:Drivers/CMSIS/Include/cmsis_gcc.h ****  */
 140:Drivers/CMSIS/Include/cmsis_gcc.h **** __STATIC_FORCEINLINE void __disable_irq(void)
 184              		.loc 2 140 27 view .LVU47
 185              	.LBB9:
 141:Drivers/CMSIS/Include/cmsis_gcc.h **** {
 142:Drivers/CMSIS/Include/cmsis_gcc.h ****   __ASM volatile ("cpsid i" : : : "memory");
 186              		.loc 2 142 3 view .LVU48
 187              		.syntax unified
 188              	@ 142 "Drivers/CMSIS/Include/cmsis_gcc.h" 1
 189 0000 72B6     		cpsid i
 190              	@ 0 "" 2
 191              		.thumb
 192              		.syntax unified
 193              	.L6:
 194              	.LBE9:
 195              	.LBE8:
 233:Src/main.c    ****   while (1)
 196              		.loc 1 233 3 discriminator 1 view .LVU49
 234:Src/main.c    ****   {
 235:Src/main.c    ****   }
ARM GAS  C:\Users\AECorp\AppData\Local\Temp\ccYvjc2y.s 			page 11


 197              		.loc 1 235 3 discriminator 1 view .LVU50
 233:Src/main.c    ****   while (1)
 198              		.loc 1 233 9 discriminator 1 view .LVU51
 199 0002 FEE7     		b	.L6
 200              		.cfi_endproc
 201              	.LFE69:
 203              		.section	.text.MX_USART1_UART_Init,"ax",%progbits
 204              		.align	1
 205              		.syntax unified
 206              		.thumb
 207              		.thumb_func
 209              	MX_USART1_UART_Init:
 210              	.LFB67:
 160:Src/main.c    **** 
 211              		.loc 1 160 1 view -0
 212              		.cfi_startproc
 213              		@ args = 0, pretend = 0, frame = 0
 214              		@ frame_needed = 0, uses_anonymous_args = 0
 215 0000 08B5     		push	{r3, lr}
 216              	.LCFI3:
 217              		.cfi_def_cfa_offset 8
 218              		.cfi_offset 3, -8
 219              		.cfi_offset 14, -4
 169:Src/main.c    ****   huart1.Init.BaudRate = 115200;
 220              		.loc 1 169 3 view .LVU53
 169:Src/main.c    ****   huart1.Init.BaudRate = 115200;
 221              		.loc 1 169 19 is_stmt 0 view .LVU54
 222 0002 0A48     		ldr	r0, .L11
 223 0004 0A4B     		ldr	r3, .L11+4
 224 0006 0360     		str	r3, [r0]
 170:Src/main.c    ****   huart1.Init.WordLength = UART_WORDLENGTH_8B;
 225              		.loc 1 170 3 is_stmt 1 view .LVU55
 170:Src/main.c    ****   huart1.Init.WordLength = UART_WORDLENGTH_8B;
 226              		.loc 1 170 24 is_stmt 0 view .LVU56
 227 0008 4FF4E133 		mov	r3, #115200
 228 000c 4360     		str	r3, [r0, #4]
 171:Src/main.c    ****   huart1.Init.StopBits = UART_STOPBITS_1;
 229              		.loc 1 171 3 is_stmt 1 view .LVU57
 171:Src/main.c    ****   huart1.Init.StopBits = UART_STOPBITS_1;
 230              		.loc 1 171 26 is_stmt 0 view .LVU58
 231 000e 0023     		movs	r3, #0
 232 0010 8360     		str	r3, [r0, #8]
 172:Src/main.c    ****   huart1.Init.Parity = UART_PARITY_NONE;
 233              		.loc 1 172 3 is_stmt 1 view .LVU59
 172:Src/main.c    ****   huart1.Init.Parity = UART_PARITY_NONE;
 234              		.loc 1 172 24 is_stmt 0 view .LVU60
 235 0012 C360     		str	r3, [r0, #12]
 173:Src/main.c    ****   huart1.Init.Mode = UART_MODE_TX_RX;
 236              		.loc 1 173 3 is_stmt 1 view .LVU61
 173:Src/main.c    ****   huart1.Init.Mode = UART_MODE_TX_RX;
 237              		.loc 1 173 22 is_stmt 0 view .LVU62
 238 0014 0361     		str	r3, [r0, #16]
 174:Src/main.c    ****   huart1.Init.HwFlowCtl = UART_HWCONTROL_NONE;
 239              		.loc 1 174 3 is_stmt 1 view .LVU63
 174:Src/main.c    ****   huart1.Init.HwFlowCtl = UART_HWCONTROL_NONE;
 240              		.loc 1 174 20 is_stmt 0 view .LVU64
 241 0016 0C22     		movs	r2, #12
ARM GAS  C:\Users\AECorp\AppData\Local\Temp\ccYvjc2y.s 			page 12


 242 0018 4261     		str	r2, [r0, #20]
 175:Src/main.c    ****   huart1.Init.OverSampling = UART_OVERSAMPLING_16;
 243              		.loc 1 175 3 is_stmt 1 view .LVU65
 175:Src/main.c    ****   huart1.Init.OverSampling = UART_OVERSAMPLING_16;
 244              		.loc 1 175 25 is_stmt 0 view .LVU66
 245 001a 8361     		str	r3, [r0, #24]
 176:Src/main.c    ****   if (HAL_UART_Init(&huart1) != HAL_OK)
 246              		.loc 1 176 3 is_stmt 1 view .LVU67
 176:Src/main.c    ****   if (HAL_UART_Init(&huart1) != HAL_OK)
 247              		.loc 1 176 28 is_stmt 0 view .LVU68
 248 001c C361     		str	r3, [r0, #28]
 177:Src/main.c    ****   {
 249              		.loc 1 177 3 is_stmt 1 view .LVU69
 177:Src/main.c    ****   {
 250              		.loc 1 177 7 is_stmt 0 view .LVU70
 251 001e FFF7FEFF 		bl	HAL_UART_Init
 252              	.LVL3:
 177:Src/main.c    ****   {
 253              		.loc 1 177 6 view .LVU71
 254 0022 00B9     		cbnz	r0, .L10
 185:Src/main.c    **** 
 255              		.loc 1 185 1 view .LVU72
 256 0024 08BD     		pop	{r3, pc}
 257              	.L10:
 179:Src/main.c    ****   }
 258              		.loc 1 179 5 is_stmt 1 view .LVU73
 259 0026 FFF7FEFF 		bl	Error_Handler
 260              	.LVL4:
 261              	.L12:
 262 002a 00BF     		.align	2
 263              	.L11:
 264 002c 00000000 		.word	huart1
 265 0030 00380140 		.word	1073821696
 266              		.cfi_endproc
 267              	.LFE67:
 269              		.section	.text.SystemClock_Config,"ax",%progbits
 270              		.align	1
 271              		.global	SystemClock_Config
 272              		.syntax unified
 273              		.thumb
 274              		.thumb_func
 276              	SystemClock_Config:
 277              	.LFB66:
 120:Src/main.c    ****   RCC_OscInitTypeDef RCC_OscInitStruct = {0};
 278              		.loc 1 120 1 view -0
 279              		.cfi_startproc
 280              		@ args = 0, pretend = 0, frame = 64
 281              		@ frame_needed = 0, uses_anonymous_args = 0
 282 0000 00B5     		push	{lr}
 283              	.LCFI4:
 284              		.cfi_def_cfa_offset 4
 285              		.cfi_offset 14, -4
 286 0002 91B0     		sub	sp, sp, #68
 287              	.LCFI5:
 288              		.cfi_def_cfa_offset 72
 121:Src/main.c    ****   RCC_ClkInitTypeDef RCC_ClkInitStruct = {0};
 289              		.loc 1 121 3 view .LVU75
ARM GAS  C:\Users\AECorp\AppData\Local\Temp\ccYvjc2y.s 			page 13


 121:Src/main.c    ****   RCC_ClkInitTypeDef RCC_ClkInitStruct = {0};
 290              		.loc 1 121 22 is_stmt 0 view .LVU76
 291 0004 2822     		movs	r2, #40
 292 0006 0021     		movs	r1, #0
 293 0008 06A8     		add	r0, sp, #24
 294 000a FFF7FEFF 		bl	memset
 295              	.LVL5:
 122:Src/main.c    **** 
 296              		.loc 1 122 3 is_stmt 1 view .LVU77
 122:Src/main.c    **** 
 297              		.loc 1 122 22 is_stmt 0 view .LVU78
 298 000e 0023     		movs	r3, #0
 299 0010 0193     		str	r3, [sp, #4]
 300 0012 0293     		str	r3, [sp, #8]
 301 0014 0393     		str	r3, [sp, #12]
 302 0016 0493     		str	r3, [sp, #16]
 303 0018 0593     		str	r3, [sp, #20]
 127:Src/main.c    ****   RCC_OscInitStruct.HSEState = RCC_HSE_ON;
 304              		.loc 1 127 3 is_stmt 1 view .LVU79
 127:Src/main.c    ****   RCC_OscInitStruct.HSEState = RCC_HSE_ON;
 305              		.loc 1 127 36 is_stmt 0 view .LVU80
 306 001a 0122     		movs	r2, #1
 307 001c 0692     		str	r2, [sp, #24]
 128:Src/main.c    ****   RCC_OscInitStruct.HSEPredivValue = RCC_HSE_PREDIV_DIV1;
 308              		.loc 1 128 3 is_stmt 1 view .LVU81
 128:Src/main.c    ****   RCC_OscInitStruct.HSEPredivValue = RCC_HSE_PREDIV_DIV1;
 309              		.loc 1 128 30 is_stmt 0 view .LVU82
 310 001e 4FF48033 		mov	r3, #65536
 311 0022 0793     		str	r3, [sp, #28]
 129:Src/main.c    ****   RCC_OscInitStruct.HSIState = RCC_HSI_ON;
 312              		.loc 1 129 3 is_stmt 1 view .LVU83
 130:Src/main.c    ****   RCC_OscInitStruct.PLL.PLLState = RCC_PLL_ON;
 313              		.loc 1 130 3 view .LVU84
 130:Src/main.c    ****   RCC_OscInitStruct.PLL.PLLState = RCC_PLL_ON;
 314              		.loc 1 130 30 is_stmt 0 view .LVU85
 315 0024 0A92     		str	r2, [sp, #40]
 131:Src/main.c    ****   RCC_OscInitStruct.PLL.PLLSource = RCC_PLLSOURCE_HSE;
 316              		.loc 1 131 3 is_stmt 1 view .LVU86
 131:Src/main.c    ****   RCC_OscInitStruct.PLL.PLLSource = RCC_PLLSOURCE_HSE;
 317              		.loc 1 131 34 is_stmt 0 view .LVU87
 318 0026 0222     		movs	r2, #2
 319 0028 0D92     		str	r2, [sp, #52]
 132:Src/main.c    ****   RCC_OscInitStruct.PLL.PLLMUL = RCC_PLL_MUL9;
 320              		.loc 1 132 3 is_stmt 1 view .LVU88
 132:Src/main.c    ****   RCC_OscInitStruct.PLL.PLLMUL = RCC_PLL_MUL9;
 321              		.loc 1 132 35 is_stmt 0 view .LVU89
 322 002a 0E93     		str	r3, [sp, #56]
 133:Src/main.c    ****   if (HAL_RCC_OscConfig(&RCC_OscInitStruct) != HAL_OK)
 323              		.loc 1 133 3 is_stmt 1 view .LVU90
 133:Src/main.c    ****   if (HAL_RCC_OscConfig(&RCC_OscInitStruct) != HAL_OK)
 324              		.loc 1 133 32 is_stmt 0 view .LVU91
 325 002c 4FF4E013 		mov	r3, #1835008
 326 0030 0F93     		str	r3, [sp, #60]
 134:Src/main.c    ****   {
 327              		.loc 1 134 3 is_stmt 1 view .LVU92
 134:Src/main.c    ****   {
 328              		.loc 1 134 7 is_stmt 0 view .LVU93
ARM GAS  C:\Users\AECorp\AppData\Local\Temp\ccYvjc2y.s 			page 14


 329 0032 06A8     		add	r0, sp, #24
 330 0034 FFF7FEFF 		bl	HAL_RCC_OscConfig
 331              	.LVL6:
 134:Src/main.c    ****   {
 332              		.loc 1 134 6 view .LVU94
 333 0038 80B9     		cbnz	r0, .L17
 141:Src/main.c    ****                               |RCC_CLOCKTYPE_PCLK1|RCC_CLOCKTYPE_PCLK2;
 334              		.loc 1 141 3 is_stmt 1 view .LVU95
 141:Src/main.c    ****                               |RCC_CLOCKTYPE_PCLK1|RCC_CLOCKTYPE_PCLK2;
 335              		.loc 1 141 31 is_stmt 0 view .LVU96
 336 003a 0F23     		movs	r3, #15
 337 003c 0193     		str	r3, [sp, #4]
 143:Src/main.c    ****   RCC_ClkInitStruct.AHBCLKDivider = RCC_SYSCLK_DIV1;
 338              		.loc 1 143 3 is_stmt 1 view .LVU97
 143:Src/main.c    ****   RCC_ClkInitStruct.AHBCLKDivider = RCC_SYSCLK_DIV1;
 339              		.loc 1 143 34 is_stmt 0 view .LVU98
 340 003e 0221     		movs	r1, #2
 341 0040 0291     		str	r1, [sp, #8]
 144:Src/main.c    ****   RCC_ClkInitStruct.APB1CLKDivider = RCC_HCLK_DIV2;
 342              		.loc 1 144 3 is_stmt 1 view .LVU99
 144:Src/main.c    ****   RCC_ClkInitStruct.APB1CLKDivider = RCC_HCLK_DIV2;
 343              		.loc 1 144 35 is_stmt 0 view .LVU100
 344 0042 0023     		movs	r3, #0
 345 0044 0393     		str	r3, [sp, #12]
 145:Src/main.c    ****   RCC_ClkInitStruct.APB2CLKDivider = RCC_HCLK_DIV1;
 346              		.loc 1 145 3 is_stmt 1 view .LVU101
 145:Src/main.c    ****   RCC_ClkInitStruct.APB2CLKDivider = RCC_HCLK_DIV1;
 347              		.loc 1 145 36 is_stmt 0 view .LVU102
 348 0046 4FF48062 		mov	r2, #1024
 349 004a 0492     		str	r2, [sp, #16]
 146:Src/main.c    **** 
 350              		.loc 1 146 3 is_stmt 1 view .LVU103
 146:Src/main.c    **** 
 351              		.loc 1 146 36 is_stmt 0 view .LVU104
 352 004c 0593     		str	r3, [sp, #20]
 148:Src/main.c    ****   {
 353              		.loc 1 148 3 is_stmt 1 view .LVU105
 148:Src/main.c    ****   {
 354              		.loc 1 148 7 is_stmt 0 view .LVU106
 355 004e 01A8     		add	r0, sp, #4
 356 0050 FFF7FEFF 		bl	HAL_RCC_ClockConfig
 357              	.LVL7:
 148:Src/main.c    ****   {
 358              		.loc 1 148 6 view .LVU107
 359 0054 20B9     		cbnz	r0, .L18
 152:Src/main.c    **** 
 360              		.loc 1 152 1 view .LVU108
 361 0056 11B0     		add	sp, sp, #68
 362              	.LCFI6:
 363              		.cfi_remember_state
 364              		.cfi_def_cfa_offset 4
 365              		@ sp needed
 366 0058 5DF804FB 		ldr	pc, [sp], #4
 367              	.L17:
 368              	.LCFI7:
 369              		.cfi_restore_state
 136:Src/main.c    ****   }
ARM GAS  C:\Users\AECorp\AppData\Local\Temp\ccYvjc2y.s 			page 15


 370              		.loc 1 136 5 is_stmt 1 view .LVU109
 371 005c FFF7FEFF 		bl	Error_Handler
 372              	.LVL8:
 373              	.L18:
 150:Src/main.c    ****   }
 374              		.loc 1 150 5 view .LVU110
 375 0060 FFF7FEFF 		bl	Error_Handler
 376              	.LVL9:
 377              		.cfi_endproc
 378              	.LFE66:
 380              		.section	.rodata.main.str1.4,"aMS",%progbits,1
 381              		.align	2
 382              	.LC0:
 383 0000 48656C6C 		.ascii	"Hello, I am STM32F103 microchip /r/n\000"
 383      6F2C2049 
 383      20616D20 
 383      53544D33 
 383      32463130 
 384              		.section	.text.main,"ax",%progbits
 385              		.align	1
 386              		.global	main
 387              		.syntax unified
 388              		.thumb
 389              		.thumb_func
 391              	main:
 392              	.LFB65:
  66:Src/main.c    ****   /* USER CODE BEGIN 1 */
 393              		.loc 1 66 1 view -0
 394              		.cfi_startproc
 395              		@ Volatile: function does not return.
 396              		@ args = 0, pretend = 0, frame = 40
 397              		@ frame_needed = 0, uses_anonymous_args = 0
 398 0000 00B5     		push	{lr}
 399              	.LCFI8:
 400              		.cfi_def_cfa_offset 4
 401              		.cfi_offset 14, -4
 402 0002 8BB0     		sub	sp, sp, #44
 403              	.LCFI9:
 404              		.cfi_def_cfa_offset 48
  69:Src/main.c    ****   /* USER CODE END 1 */
 405              		.loc 1 69 1 view .LVU112
  69:Src/main.c    ****   /* USER CODE END 1 */
 406              		.loc 1 69 6 is_stmt 0 view .LVU113
 407 0004 EC46     		mov	ip, sp
 408 0006 164C     		ldr	r4, .L23
 409 0008 0FCC     		ldmia	r4!, {r0, r1, r2, r3}
 410 000a ACE80F00 		stmia	ip!, {r0, r1, r2, r3}
 411 000e 0FCC     		ldmia	r4!, {r0, r1, r2, r3}
 412 0010 ACE80F00 		stmia	ip!, {r0, r1, r2, r3}
 413 0014 94E80300 		ldm	r4, {r0, r1}
 414 0018 4CF8040B 		str	r0, [ip], #4
 415 001c 8CF80010 		strb	r1, [ip]
  75:Src/main.c    **** 
 416              		.loc 1 75 3 is_stmt 1 view .LVU114
 417 0020 FFF7FEFF 		bl	HAL_Init
 418              	.LVL10:
  82:Src/main.c    **** 
ARM GAS  C:\Users\AECorp\AppData\Local\Temp\ccYvjc2y.s 			page 16


 419              		.loc 1 82 3 view .LVU115
 420 0024 FFF7FEFF 		bl	SystemClock_Config
 421              	.LVL11:
  89:Src/main.c    ****   MX_USART1_UART_Init();
 422              		.loc 1 89 3 view .LVU116
 423 0028 FFF7FEFF 		bl	MX_GPIO_Init
 424              	.LVL12:
  90:Src/main.c    ****   /* USER CODE BEGIN 2 */
 425              		.loc 1 90 3 view .LVU117
 426 002c FFF7FEFF 		bl	MX_USART1_UART_Init
 427              	.LVL13:
 428              	.L20:
  97:Src/main.c    ****   {
 429              		.loc 1 97 3 view .LVU118
 102:Src/main.c    ****     {
 430              		.loc 1 102 5 view .LVU119
 102:Src/main.c    ****     {
 431              		.loc 1 102 9 is_stmt 0 view .LVU120
 432 0030 2021     		movs	r1, #32
 433 0032 0C48     		ldr	r0, .L23+4
 434 0034 FFF7FEFF 		bl	HAL_GPIO_ReadPin
 435              	.LVL14:
 102:Src/main.c    ****     {
 436              		.loc 1 102 8 view .LVU121
 437 0038 0028     		cmp	r0, #0
 438 003a F9D1     		bne	.L20
 104:Src/main.c    ****       HAL_GPIO_TogglePin(GPIOC,GPIO_PIN_13);
 439              		.loc 1 104 7 is_stmt 1 view .LVU122
 440 003c 0A20     		movs	r0, #10
 441 003e FFF7FEFF 		bl	HAL_Delay
 442              	.LVL15:
 105:Src/main.c    ****       HAL_UART_Transmit(&huart1,(uint8_t*)message,strlen(message),100);
 443              		.loc 1 105 7 view .LVU123
 444 0042 4FF40051 		mov	r1, #8192
 445 0046 0848     		ldr	r0, .L23+8
 446 0048 FFF7FEFF 		bl	HAL_GPIO_TogglePin
 447              	.LVL16:
 106:Src/main.c    ****     }
 448              		.loc 1 106 7 view .LVU124
 106:Src/main.c    ****     }
 449              		.loc 1 106 51 is_stmt 0 view .LVU125
 450 004c 6846     		mov	r0, sp
 451 004e FFF7FEFF 		bl	strlen
 452              	.LVL17:
 106:Src/main.c    ****     }
 453              		.loc 1 106 7 view .LVU126
 454 0052 6423     		movs	r3, #100
 455 0054 82B2     		uxth	r2, r0
 456 0056 6946     		mov	r1, sp
 457 0058 0448     		ldr	r0, .L23+12
 458 005a FFF7FEFF 		bl	HAL_UART_Transmit
 459              	.LVL18:
 460 005e E7E7     		b	.L20
 461              	.L24:
 462              		.align	2
 463              	.L23:
 464 0060 00000000 		.word	.LC0
ARM GAS  C:\Users\AECorp\AppData\Local\Temp\ccYvjc2y.s 			page 17


 465 0064 000C0140 		.word	1073810432
 466 0068 00100140 		.word	1073811456
 467 006c 00000000 		.word	huart1
 468              		.cfi_endproc
 469              	.LFE65:
 471              		.global	huart1
 472              		.section	.bss.huart1,"aw",%nobits
 473              		.align	2
 476              	huart1:
 477 0000 00000000 		.space	72
 477      00000000 
 477      00000000 
 477      00000000 
 477      00000000 
 478              		.text
 479              	.Letext0:
 480              		.file 3 "c:\\dev\\tools\\arm-gnu-toolchain-12.3.rel1-mingw-w64-i686-arm-none-eabi\\arm-none-eabi\\
 481              		.file 4 "c:\\dev\\tools\\arm-gnu-toolchain-12.3.rel1-mingw-w64-i686-arm-none-eabi\\arm-none-eabi\\
 482              		.file 5 "Drivers/CMSIS/Device/ST/STM32F1xx/Include/stm32f103xb.h"
 483              		.file 6 "c:\\dev\\tools\\arm-gnu-toolchain-12.3.rel1-mingw-w64-i686-arm-none-eabi\\lib\\gcc\\arm-n
 484              		.file 7 "Drivers/STM32F1xx_HAL_Driver/Inc/stm32f1xx_hal_def.h"
 485              		.file 8 "Drivers/STM32F1xx_HAL_Driver/Inc/stm32f1xx_hal_rcc.h"
 486              		.file 9 "Drivers/STM32F1xx_HAL_Driver/Inc/stm32f1xx_hal_rcc_ex.h"
 487              		.file 10 "Drivers/STM32F1xx_HAL_Driver/Inc/stm32f1xx_hal_gpio.h"
 488              		.file 11 "Drivers/STM32F1xx_HAL_Driver/Inc/stm32f1xx_hal_dma.h"
 489              		.file 12 "Drivers/STM32F1xx_HAL_Driver/Inc/stm32f1xx_hal_uart.h"
 490              		.file 13 "c:\\dev\\tools\\arm-gnu-toolchain-12.3.rel1-mingw-w64-i686-arm-none-eabi\\arm-none-eabi\
 491              		.file 14 "Drivers/STM32F1xx_HAL_Driver/Inc/stm32f1xx_hal.h"
 492              		.file 15 "<built-in>"
ARM GAS  C:\Users\AECorp\AppData\Local\Temp\ccYvjc2y.s 			page 18


DEFINED SYMBOLS
                            *ABS*:00000000 main.c
C:\Users\AECorp\AppData\Local\Temp\ccYvjc2y.s:19     .text.MX_GPIO_Init:00000000 $t
C:\Users\AECorp\AppData\Local\Temp\ccYvjc2y.s:24     .text.MX_GPIO_Init:00000000 MX_GPIO_Init
C:\Users\AECorp\AppData\Local\Temp\ccYvjc2y.s:159    .text.MX_GPIO_Init:00000094 $d
C:\Users\AECorp\AppData\Local\Temp\ccYvjc2y.s:166    .text.Error_Handler:00000000 $t
C:\Users\AECorp\AppData\Local\Temp\ccYvjc2y.s:172    .text.Error_Handler:00000000 Error_Handler
C:\Users\AECorp\AppData\Local\Temp\ccYvjc2y.s:204    .text.MX_USART1_UART_Init:00000000 $t
C:\Users\AECorp\AppData\Local\Temp\ccYvjc2y.s:209    .text.MX_USART1_UART_Init:00000000 MX_USART1_UART_Init
C:\Users\AECorp\AppData\Local\Temp\ccYvjc2y.s:264    .text.MX_USART1_UART_Init:0000002c $d
C:\Users\AECorp\AppData\Local\Temp\ccYvjc2y.s:476    .bss.huart1:00000000 huart1
C:\Users\AECorp\AppData\Local\Temp\ccYvjc2y.s:270    .text.SystemClock_Config:00000000 $t
C:\Users\AECorp\AppData\Local\Temp\ccYvjc2y.s:276    .text.SystemClock_Config:00000000 SystemClock_Config
C:\Users\AECorp\AppData\Local\Temp\ccYvjc2y.s:381    .rodata.main.str1.4:00000000 $d
C:\Users\AECorp\AppData\Local\Temp\ccYvjc2y.s:385    .text.main:00000000 $t
C:\Users\AECorp\AppData\Local\Temp\ccYvjc2y.s:391    .text.main:00000000 main
C:\Users\AECorp\AppData\Local\Temp\ccYvjc2y.s:464    .text.main:00000060 $d
C:\Users\AECorp\AppData\Local\Temp\ccYvjc2y.s:473    .bss.huart1:00000000 $d

UNDEFINED SYMBOLS
HAL_GPIO_WritePin
HAL_GPIO_Init
HAL_UART_Init
memset
HAL_RCC_OscConfig
HAL_RCC_ClockConfig
HAL_Init
HAL_GPIO_ReadPin
HAL_Delay
HAL_GPIO_TogglePin
strlen
HAL_UART_Transmit
